<?xml version="1.0" encoding="UTF-8"?>
<!-- Generated by org.testng.reporters.JUnitXMLReporter -->
<testsuite hostname="pc1" tests="1" failures="0" timestamp="4 Apr 2017 11:14:55 GMT" time="0.034" errors="0">
  <testcase name="@BeforeTest launchBrowser" time="0.0" classname="AutomateGmail">
    <failure type="java.lang.NoClassDefFoundError" message="com/google/common/base/Function">
      <![CDATA[java.lang.NoClassDefFoundError: com/google/common/base/Function
	at AutomateGmail.launchBrowser(AutomateGmail.java:13)
Caused by: java.lang.ClassNotFoundException: com.google.common.base.Function
	at java.net.URLClassLoader.findClass(Unknown Source)
	at java.lang.ClassLoader.loadClass(Unknown Source)
	at sun.misc.Launcher$AppClassLoader.loadClass(Unknown Source)
	at java.lang.ClassLoader.loadClass(Unknown Source)
	... 23 more
... Removed 22 stack frames]]>
    </failure>
  </testcase> <!-- @BeforeTest launchBrowser -->
  <testcase name="startupScreen" time="0.0" classname="AutomateGmail">
    <skipped/>
  </testcase> <!-- startupScreen -->
</testsuite>
